ThirdPay_SmsPay/HaotianThirdPay_SmsPayDemo/proguard/seeds.txt
com.Demoht_ep.Demo_ep_nuihe.R$anim: int ebpay_slide_from_left
com.Demoht_ep.Demo_ep_nuihe.R$anim: int ebpay_slide_from_right
com.Demoht_ep.Demo_ep_nuihe.R$anim: int ebpay_slide_to_left
com.Demoht_ep.Demo_ep_nuihe.R$anim: int ebpay_slide_to_right
com.Demoht_ep.Demo_ep_nuihe.R$anim: int wallet_base_alpha_pwd_hide
com.Demoht_ep.Demo_ep_nuihe.R$anim: int wallet_base_alpha_pwd_show
com.Demoht_ep.Demo_ep_nuihe.R$anim: int wallet_base_dismiss_dialog_anim
com.Demoht_ep.Demo_ep_nuihe.R$anim: int wallet_base_rotate_down
com.Demoht_ep.Demo_ep_nuihe.R$anim: int wallet_base_rotate_up
com.Demoht_ep.Demo_ep_nuihe.R$anim: int wallet_base_safekeyboard_slide_from_down
com.Demoht_ep.Demo_ep_nuihe.R$anim: int wallet_base_safekeyboard_slide_to_down
com.Demoht_ep.Demo_ep_nuihe.R$anim: int wallet_base_show_dialog_anim
com.Demoht_ep.Demo_ep_nuihe.R$anim: int wallet_base_slide_from_left
com.Demoht_ep.Demo_ep_nuihe.R$anim: int wallet_base_slide_from_right
com.Demoht_ep.Demo_ep_nuihe.R$anim: int wallet_base_slide_to_left
com.Demoht_ep.Demo_ep_nuihe.R$anim: int wallet_base_slide_to_right
com.Demoht_ep.Demo_ep_nuihe.R$bool: int bd_wallet_switch_global_debug
com.Demoht_ep.Demo_ep_nuihe.R$color: int bd_wallet_balance_trans_queqiao_111111
com.Demoht_ep.Demo_ep_nuihe.R$color: int bd_wallet_balance_trans_queqiao_aaaaaa
com.Demoht_ep.Demo_ep_nuihe.R$color: int bd_wallet_balance_trans_queqiao_d9d9d9
com.Demoht_ep.Demo_ep_nuihe.R$color: int bd_wallet_balance_trans_queqiao_fafafa
com.Demoht_ep.Demo_ep_nuihe.R$color: int bd_wallet_bank_card_999999
com.Demoht_ep.Demo_ep_nuihe.R$color: int bd_wallet_bank_card_bg
com.Demoht_ep.Demo_ep_nuihe.R$color: int bd_wallet_bank_card_cbcbcb
com.Demoht_ep.Demo_ep_nuihe.R$color: int bd_wallet_bank_card_e6e6e6
com.Demoht_ep.Demo_ep_nuihe.R$color: int bd_wallet_bank_card_f8f8f8
com.Demoht_ep.Demo_ep_nuihe.R$color: int bd_wallet_base_color_0a555bc
com.Demoht_ep.Demo_ep_nuihe.R$color: int bd_wallet_base_f4b2b1
com.Demoht_ep.Demo_ep_nuihe.R$color: int bd_wallet_bg_color_gray
com.Demoht_ep.Demo_ep_nuihe.R$color: int bd_wallet_bg_color_gray2
com.Demoht_ep.Demo_ep_nuihe.R$color: int bd_wallet_black
com.Demoht_ep.Demo_ep_nuihe.R$color: int bd_wallet_black3
com.Demoht_ep.Demo_ep_nuihe.R$color: int bd_wallet_blue
com.Demoht_ep.Demo_ep_nuihe.R$color: int bd_wallet_circle_blue
com.Demoht_ep.Demo_ep_nuihe.R$color: int bd_wallet_circle_gray
com.Demoht_ep.Demo_ep_nuihe.R$color: int bd_wallet_dialog_bg
com.Demoht_ep.Demo_ep_nuihe.R$color: int bd_wallet_dialog_btndisable
com.Demoht_ep.Demo_ep_nuihe.R$color: int bd_wallet_dialog_btnpress_bg
com.Demoht_ep.Demo_ep_nuihe.R$color: int bd_wallet_dialog_contenttext
...
com.unionpay.mobile.android.views.order.CViewMethods
com.unionpay.mobile.android.views.order.CViewMethods: CViewMethods(android.content.Context)
com.unionpay.mobile.android.views.order.CViewMethods: CViewMethods(android.content.Context,android.util.AttributeSet)
com.unionpay.mobile.android.views.order.CViewMethods: CViewMethods(android.content.Context,android.util.AttributeSet,int)
com.unionpay.mobile.android.views.order.b
com.unionpay.mobile.android.views.order.i
com.unionpay.mobile.android.views.order.i: i(android.content.Context)
com.unionpay.mobile.android.views.order.m
com.unionpay.mobile.android.views.order.m: m(android.content.Context)
com.unionpay.mobile.android.views.order.o
com.unionpay.mobile.android.widgets.UPWidget
com.unionpay.mobile.android.widgets.UPWidget: void deleteOnce(long)
com.unionpay.mobile.android.widgets.UPWidget: void appendOnce(long,java.lang.String)
com.unionpay.mobile.android.widgets.UPWidget: void clearAll(long)
com.unionpay.mobile.android.widgets.UPWidget: java.lang.String getMsgExtra(long,java.lang.String)
com.unionpay.mobile.android.widgets.UPWidget: java.lang.String getMsg(long)
com.unionpay.mobile.android.widgets.a
com.unionpay.mobile.android.widgets.ac
com.unionpay.mobile.android.widgets.ad
com.unionpay.mobile.android.widgets.ae
com.unionpay.mobile.android.widgets.ag
com.unionpay.mobile.android.widgets.ai
com.unionpay.mobile.android.widgets.an
com.unionpay.mobile.android.widgets.ao
com.unionpay.mobile.android.widgets.ar
com.unionpay.mobile.android.widgets.ar: ar(android.content.Context)
com.unionpay.mobile.android.widgets.as
com.unionpay.mobile.android.widgets.at
com.unionpay.mobile.android.widgets.au
com.unionpay.mobile.android.widgets.ax
com.unionpay.mobile.android.widgets.bc
com.unionpay.mobile.android.widgets.e
com.unionpay.mobile.android.widgets.f
com.unionpay.mobile.android.widgets.g
com.unionpay.mobile.android.widgets.k
com.unionpay.mobile.android.widgets.o
com.unionpay.mobile.android.widgets.o: o(android.content.Context)
com.unionpay.mobile.android.widgets.p
com.unionpay.mobile.android.widgets.t
com.unionpay.mobile.android.widgets.t: t(android.content.Context)
com.unionpay.mobile.android.widgets.t: void setOnTouchListener(android.view.View$OnTouchListener)
com.unionpay.mobile.android.widgets.x
com.unionpay.mobile.android.widgets.y
com.unionpay.mobile.android.widgets.z
com.unionpay.tsmservice.AppID
com.unionpay.tsmservice.AppID: android.os.Parcelable$Creator CREATOR
com.unionpay.tsmservice.data.Amount
com.unionpay.tsmservice.data.Amount: android.os.Parcelable$Creator CREATOR
com.unionpay.tsmservice.data.AppDetail
com.unionpay.tsmservice.data.AppDetail: android.os.Parcelable$Creator CREATOR
com.unionpay.tsmservice.data.AppStatus
com.unionpay.tsmservice.data.AppStatus: android.os.Parcelable$Creator CREATOR
com.unionpay.tsmservice.data.AssociatedCardBalance
com.unionpay.tsmservice.data.AssociatedCardBalance: android.os.Parcelable$Creator CREATOR
com.unionpay.tsmservice.data.AssociatedCardInfo
com.unionpay.tsmservice.data.AssociatedCardInfo: android.os.Parcelable$Creator CREATOR
com.unionpay.tsmservice.data.PhysicalCardInfo
com.unionpay.tsmservice.data.PhysicalCardInfo: android.os.Parcelable$Creator CREATOR
com.unionpay.tsmservice.data.SMSAuthCode
com.unionpay.tsmservice.data.SMSAuthCode: android.os.Parcelable$Creator CREATOR
com.unionpay.tsmservice.data.SeAppListItem
com.unionpay.tsmservice.data.SeAppListItem: android.os.Parcelable$Creator CREATOR
com.unionpay.tsmservice.data.TransElement
com.unionpay.tsmservice.data.TransElement: android.os.Parcelable$Creator CREATOR
com.unionpay.tsmservice.data.TransRecord
com.unionpay.tsmservice.data.TransRecord: android.os.Parcelable$Creator CREATOR
com.unionpay.tsmservice.data.UpdateInfo
com.unionpay.tsmservice.data.UpdateInfo: android.os.Parcelable$Creator CREATOR
com.unionpay.tsmservice.data.VirtualCardInfo
com.unionpay.tsmservice.data.VirtualCardInfo: android.os.Parcelable$Creator CREATOR