ThirdPay_SmsPay/HaotianThirdPay_SmsPayDemo/proguard/mapping.txt
com.unionpay.tsmservice.result.GetPubKeyResult$1 -> epPlus.btg:
    com.unionpay.tsmservice.result.GetPubKeyResult createFromParcel(android.os.Parcel) -> a
    com.unionpay.tsmservice.result.GetPubKeyResult[] newArray(int) -> a
    java.lang.Object[] newArray(int) -> newArray
    java.lang.Object createFromParcel(android.os.Parcel) -> createFromParcel
com.unionpay.tsmservice.result.GetSMSAuthCodeResult -> com.unionpay.tsmservice.result.GetSMSAuthCodeResult:
    com.unionpay.tsmservice.data.SMSAuthCode smsAuthCode -> a
    android.os.Parcelable$Creator CREATOR -> CREATOR
    int describeContents() -> describeContents
    void writeToParcel(android.os.Parcel,int) -> writeToParcel
com.unionpay.tsmservice.result.GetSMSAuthCodeResult$1 -> epPlus.bth:
    com.unionpay.tsmservice.result.GetSMSAuthCodeResult createFromParcel(android.os.Parcel) -> a
    com.unionpay.tsmservice.result.GetSMSAuthCodeResult[] newArray(int) -> a
    java.lang.Object[] newArray(int) -> newArray
    java.lang.Object createFromParcel(android.os.Parcel) -> createFromParcel
com.unionpay.tsmservice.result.GetSeAppListResult -> com.unionpay.tsmservice.result.GetSeAppListResult:
    com.unionpay.tsmservice.data.SeAppListItem[] mSeAppList -> a
    android.os.Parcelable$Creator CREATOR -> CREATOR
    int describeContents() -> describeContents
    void writeToParcel(android.os.Parcel,int) -> writeToParcel
    com.unionpay.tsmservice.data.SeAppListItem[] getSeAppList() -> a
com.unionpay.tsmservice.result.GetSeAppListResult$1 -> epPlus.bti:
    com.unionpay.tsmservice.result.GetSeAppListResult createFromParcel(android.os.Parcel) -> a
    com.unionpay.tsmservice.result.GetSeAppListResult[] newArray(int) -> a
    java.lang.Object[] newArray(int) -> newArray
    java.lang.Object createFromParcel(android.os.Parcel) -> createFromParcel
com.unionpay.tsmservice.result.GetSeIdResult -> com.unionpay.tsmservice.result.GetSeIdResult:
    java.lang.String mSeId -> a
    android.os.Parcelable$Creator CREATOR -> CREATOR
    int describeContents() -> describeContents
    void writeToParcel(android.os.Parcel,int) -> writeToParcel
com.unionpay.tsmservice.result.GetSeIdResult$1 -> epPlus.btj:
    com.unionpay.tsmservice.result.GetSeIdResult createFromParcel(android.os.Parcel) -> a
    com.unionpay.tsmservice.result.GetSeIdResult[] newArray(int) -> a
    java.lang.Object[] newArray(int) -> newArray
    java.lang.Object createFromParcel(android.os.Parcel) -> createFromParcel
com.unionpay.tsmservice.result.GetTransElementsResult -> com.unionpay.tsmservice.result.GetTransElementsResult:
    com.unionpay.tsmservice.data.TransElement[] mDebitElements -> a
    com.unionpay.tsmservice.data.TransElement[] mCreditElements -> b
    com.unionpay.tsmservice.data.TransElement[] mCommonElements -> c
    android.os.Parcelable$Creator CREATOR -> CREATOR
    int describeContents() -> describeContents
    void writeToParcel(android.os.Parcel,int) -> writeToParcel
com.unionpay.tsmservice.result.GetTransElementsResult$1 -> epPlus.btk:
    com.unionpay.tsmservice.result.GetTransElementsResult createFromParcel(android.os.Parcel) -> a
    com.unionpay.tsmservice.result.GetTransElementsResult[] newArray(int) -> a
    java.lang.Object[] newArray(int) -> newArray
    java.lang.Object createFromParcel(android.os.Parcel) -> createFromParcel
com.unionpay.tsmservice.result.GetTransRecordResult -> com.unionpay.tsmservice.result.GetTransRecordResult:
    com.unionpay.tsmservice.data.TransRecord[] mTransRecord -> a
    android.os.Parcelable$Creator CREATOR -> CREATOR
    int describeContents() -> describeContents
    void writeToParcel(android.os.Parcel,int) -> writeToParcel